This file contains any messages produced by compilers while
running configure, to aid debugging if configure makes a mistake.

It was created by HTSlib configure 1.4.1, which was
generated by GNU Autoconf 2.71.  Invocation command line was

  $ /home/user/Desktop/Test/kallisto/ext/htslib/configure --prefix= --disable-bz2 --disable-lzma --disable-libcurl

## --------- ##
## Platform. ##
## --------- ##

hostname = Lenovo
uname -m = x86_64
uname -r = 6.11.0-26-generic
uname -s = Linux
uname -v = #26~24.04.1-Ubuntu SMP PREEMPT_DYNAMIC Thu Apr 17 19:20:47 UTC 2

/usr/bin/uname -p = x86_64
/bin/uname -X     = unknown

/bin/arch              = x86_64
/usr/bin/arch -k       = unknown
/usr/convex/getsysinfo = unknown
/usr/bin/hostinfo      = unknown
/bin/machine           = unknown
/usr/bin/oslevel       = unknown
/bin/universe          = unknown

PATH: /usr/local/ncbi/sra-tools/bin/
PATH: /usr/local/sbin/
PATH: /usr/local/bin/
PATH: /usr/sbin/
PATH: /usr/bin/
PATH: /sbin/
PATH: /bin/
PATH: /usr/games/
PATH: /usr/local/games/
PATH: /snap/bin/
PATH: /snap/bin/


## ----------- ##
## Core tests. ##
## ----------- ##

configure:2397: looking for aux files: install-sh config.guess config.sub
configure:2410:  trying ./
configure:2421:   ./install-sh found
configure:2439:   ./config.guess found
configure:2439:   ./config.sub found
configure:2620: checking for gcc
configure:2641: found /usr/bin/gcc
configure:2652: result: gcc
configure:3005: checking for C compiler version
configure:3014: gcc --version >&5
gcc (Ubuntu 13.3.0-6ubuntu2~24.04) 13.3.0
Copyright (C) 2023 Free Software Foundation, Inc.
This is free software; see the source for copying conditions.  There is NO
warranty; not even for MERCHANTABILITY or FITNESS FOR A PARTICULAR PURPOSE.

configure:3025: $? = 0
configure:3014: gcc -v >&5
Using built-in specs.
COLLECT_GCC=gcc
COLLECT_LTO_WRAPPER=/usr/libexec/gcc/x86_64-linux-gnu/13/lto-wrapper
OFFLOAD_TARGET_NAMES=nvptx-none:amdgcn-amdhsa
OFFLOAD_TARGET_DEFAULT=1
Target: x86_64-linux-gnu
Configured with: ../src/configure -v --with-pkgversion='Ubuntu 13.3.0-6ubuntu2~24.04' --with-bugurl=file:///usr/share/doc/gcc-13/README.Bugs --enable-languages=c,ada,c++,go,d,fortran,objc,obj-c++,m2 --prefix=/usr --with-gcc-major-version-only --program-suffix=-13 --program-prefix=x86_64-linux-gnu- --enable-shared --enable-linker-build-id --libexecdir=/usr/libexec --without-included-gettext --enable-threads=posix --libdir=/usr/lib --enable-nls --enable-bootstrap --enable-clocale=gnu --enable-libstdcxx-debug --enable-libstdcxx-time=yes --with-default-libstdcxx-abi=new --enable-libstdcxx-backtrace --enable-gnu-unique-object --disable-vtable-verify --enable-plugin --enable-default-pie --with-system-zlib --enable-libphobos-checking=release --with-target-system-zlib=auto --enable-objc-gc=auto --enable-multiarch --disable-werror --enable-cet --with-arch-32=i686 --with-abi=m64 --with-multilib-list=m32,m64,mx32 --enable-multilib --with-tune=generic --enable-offload-targets=nvptx-none=/build/gcc-13-fG75Ri/gcc-13-13.3.0/debian/tmp-nvptx/usr,amdgcn-amdhsa=/build/gcc-13-fG75Ri/gcc-13-13.3.0/debian/tmp-gcn/usr --enable-offload-defaulted --without-cuda-driver --enable-checking=release --build=x86_64-linux-gnu --host=x86_64-linux-gnu --target=x86_64-linux-gnu --with-build-config=bootstrap-lto-lean --enable-link-serialization=2
Thread model: posix
Supported LTO compression algorithms: zlib zstd
gcc version 13.3.0 (Ubuntu 13.3.0-6ubuntu2~24.04) 
... rest of stderr output deleted ...
configure:3025: $? = 0
configure:3014: gcc -V >&5
gcc: error: unrecognized command-line option '-V'
gcc: fatal error: no input files
compilation terminated.
configure:3025: $? = 1
configure:3014: gcc -qversion >&5
gcc: error: unrecognized command-line option '-qversion'; did you mean '--version'?
gcc: fatal error: no input files
compilation terminated.
configure:3025: $? = 1
configure:3014: gcc -version >&5
gcc: error: unrecognized command-line option '-version'
gcc: fatal error: no input files
compilation terminated.
configure:3025: $? = 1
configure:3045: checking whether the C compiler works
configure:3067: gcc    conftest.c  >&5
configure:3071: $? = 0
configure:3121: result: yes
configure:3124: checking for C compiler default output file name
configure:3126: result: a.out
configure:3132: checking for suffix of executables
configure:3139: gcc -o conftest    conftest.c  >&5
configure:3143: $? = 0
configure:3166: result: 
configure:3188: checking whether we are cross compiling
configure:3196: gcc -o conftest    conftest.c  >&5
configure:3200: $? = 0
configure:3207: ./conftest
configure:3211: $? = 0
configure:3226: result: no
configure:3231: checking for suffix of object files
configure:3254: gcc -c   conftest.c >&5
configure:3258: $? = 0
configure:3280: result: o
configure:3284: checking whether the compiler supports GNU C
configure:3304: gcc -c   conftest.c >&5
configure:3304: $? = 0
configure:3314: result: yes
configure:3325: checking whether gcc accepts -g
configure:3346: gcc -c -g  conftest.c >&5
configure:3346: $? = 0
configure:3390: result: yes
configure:3410: checking for gcc option to enable C11 features
configure:3425: gcc  -c -g -O2  conftest.c >&5
configure:3425: $? = 0
configure:3443: result: none needed
configure:3560: checking build system type
configure:3575: result: x86_64-pc-linux-gnu
configure:3595: checking host system type
configure:3609: result: x86_64-pc-linux-gnu
configure:3644: checking for a BSD-compatible install
configure:3717: result: /usr/bin/install -c
configure:3776: checking for ranlib
configure:3797: found /usr/bin/ranlib
configure:3808: result: ranlib
configure:3890: checking for pkg-config
configure:3913: found /usr/bin/pkg-config
configure:3925: result: /usr/bin/pkg-config
configure:3950: checking pkg-config is at least version 0.9.0
configure:3953: result: yes
configure:3995: checking for special C compiler options needed for large files
configure:4043: result: no
configure:4049: checking for _FILE_OFFSET_BITS value needed for large files
configure:4075: gcc -c -g -O2  conftest.c >&5
configure:4075: $? = 0
configure:4109: result: no
configure:4258: checking shared library type
configure:4278: result: plain .so
configure:4286: checking for stdio.h
configure:4286: gcc -c -g -O2  conftest.c >&5
configure:4286: $? = 0
configure:4286: result: yes
configure:4286: checking for stdlib.h
configure:4286: gcc -c -g -O2  conftest.c >&5
configure:4286: $? = 0
configure:4286: result: yes
configure:4286: checking for string.h
configure:4286: gcc -c -g -O2  conftest.c >&5
configure:4286: $? = 0
configure:4286: result: yes
configure:4286: checking for inttypes.h
configure:4286: gcc -c -g -O2  conftest.c >&5
configure:4286: $? = 0
configure:4286: result: yes
configure:4286: checking for stdint.h
configure:4286: gcc -c -g -O2  conftest.c >&5
configure:4286: $? = 0
configure:4286: result: yes
configure:4286: checking for strings.h
configure:4286: gcc -c -g -O2  conftest.c >&5
configure:4286: $? = 0
configure:4286: result: yes
configure:4286: checking for sys/stat.h
configure:4286: gcc -c -g -O2  conftest.c >&5
configure:4286: $? = 0
configure:4286: result: yes
configure:4286: checking for sys/types.h
configure:4286: gcc -c -g -O2  conftest.c >&5
configure:4286: $? = 0
configure:4286: result: yes
configure:4286: checking for unistd.h
configure:4286: gcc -c -g -O2  conftest.c >&5
configure:4286: $? = 0
configure:4286: result: yes
configure:4286: checking for sys/param.h
configure:4286: gcc -c -g -O2  conftest.c >&5
configure:4286: $? = 0
configure:4286: result: yes
configure:4316: checking for getpagesize
configure:4316: gcc -o conftest -g -O2   conftest.c  >&5
configure:4316: $? = 0
configure:4316: result: yes
configure:4327: checking for working mmap
configure:4479: gcc -o conftest -g -O2   conftest.c  >&5
configure:4479: $? = 0
configure:4479: ./conftest
configure:4479: $? = 0
configure:4490: result: yes
configure:4499: checking for gmtime_r
configure:4499: gcc -o conftest -g -O2   conftest.c  >&5
configure:4499: $? = 0
configure:4499: result: yes
configure:4508: checking for gcc options needed to detect all undeclared functions
configure:4530: gcc -c -g -O2   conftest.c >&5
conftest.c: In function 'main':
conftest.c:27:8: error: 'strchr' undeclared (first use in this function)
   27 | (void) strchr;
      |        ^~~~~~
conftest.c:1:1: note: 'strchr' is defined in header '<string.h>'; did you forget to '#include <string.h>'?
    1 | /* confdefs.h */
conftest.c:27:8: note: each undeclared identifier is reported only once for each function it appears in
   27 | (void) strchr;
      |        ^~~~~~
configure:4530: $? = 1
configure: failed program was:
| /* confdefs.h */
| #define PACKAGE_NAME "HTSlib"
| #define PACKAGE_TARNAME "htslib"
| #define PACKAGE_VERSION "1.4.1"
| #define PACKAGE_STRING "HTSlib 1.4.1"
| #define PACKAGE_BUGREPORT "samtools-help@lists.sourceforge.net"
| #define PACKAGE_URL "http://www.htslib.org/"
| #define HAVE_STDIO_H 1
| #define HAVE_STDLIB_H 1
| #define HAVE_STRING_H 1
| #define HAVE_INTTYPES_H 1
| #define HAVE_STDINT_H 1
| #define HAVE_STRINGS_H 1
| #define HAVE_SYS_STAT_H 1
| #define HAVE_SYS_TYPES_H 1
| #define HAVE_UNISTD_H 1
| #define HAVE_SYS_PARAM_H 1
| #define STDC_HEADERS 1
| #define HAVE_GETPAGESIZE 1
| #define HAVE_MMAP 1
| #define HAVE_GMTIME_R 1
| /* end confdefs.h.  */
| 
| int
| main (void)
| {
| (void) strchr;
|   ;
|   return 0;
| }
configure:4557: gcc -c -g -O2   conftest.c >&5
configure:4557: $? = 0
configure:4574: result: none needed
configure:4589: checking whether fdatasync is declared
configure:4589: gcc -c -g -O2   conftest.c >&5
configure:4589: $? = 0
configure:4589: result: yes
configure:4592: checking for fdatasync
configure:4592: gcc -o conftest -g -O2   conftest.c  >&5
configure:4592: $? = 0
configure:4592: result: yes
configure:4681: checking for library containing log
configure:4711: gcc -o conftest -g -O2   conftest.c  >&5
conftest.c:28:6: warning: conflicting types for built-in function 'log'; expected 'double(double)' [-Wbuiltin-declaration-mismatch]
   28 | char log ();
      |      ^~~
conftest.c:1:1: note: 'log' is declared in header '<math.h>'
    1 | /* confdefs.h */
/usr/bin/ld: /tmp/ccrLoot6.o: in function `main':
/home/user/Desktop/Test/kallisto/ext/htslib/conftest.c:32:(.text.startup+0xb): undefined reference to `log'
collect2: error: ld returned 1 exit status
configure:4711: $? = 1
configure: failed program was:
| /* confdefs.h */
| #define PACKAGE_NAME "HTSlib"
| #define PACKAGE_TARNAME "htslib"
| #define PACKAGE_VERSION "1.4.1"
| #define PACKAGE_STRING "HTSlib 1.4.1"
| #define PACKAGE_BUGREPORT "samtools-help@lists.sourceforge.net"
| #define PACKAGE_URL "http://www.htslib.org/"
| #define HAVE_STDIO_H 1
| #define HAVE_STDLIB_H 1
| #define HAVE_STRING_H 1
| #define HAVE_INTTYPES_H 1
| #define HAVE_STDINT_H 1
| #define HAVE_STRINGS_H 1
| #define HAVE_SYS_STAT_H 1
| #define HAVE_SYS_TYPES_H 1
| #define HAVE_UNISTD_H 1
| #define HAVE_SYS_PARAM_H 1
| #define STDC_HEADERS 1
| #define HAVE_GETPAGESIZE 1
| #define HAVE_MMAP 1
| #define HAVE_GMTIME_R 1
| #define HAVE_FDATASYNC 1
| /* end confdefs.h.  */
| 
| /* Override any GCC internal prototype to avoid an error.
|    Use char because int might match the return type of a GCC
|    builtin and then its argument prototype would still apply.  */
| char log ();
| int
| main (void)
| {
| return log ();
|   ;
|   return 0;
| }
configure:4711: gcc -o conftest -g -O2   conftest.c -lm   >&5
conftest.c:28:6: warning: conflicting types for built-in function 'log'; expected 'double(double)' [-Wbuiltin-declaration-mismatch]
   28 | char log ();
      |      ^~~
conftest.c:1:1: note: 'log' is declared in header '<math.h>'
    1 | /* confdefs.h */
configure:4711: $? = 0
configure:4731: result: -lm
configure:4747: checking for zlib.h
configure:4747: gcc -c -g -O2  conftest.c >&5
configure:4747: $? = 0
configure:4747: result: yes
configure:4756: checking for inflate in -lz
configure:4779: gcc -o conftest -g -O2   conftest.c -lz  -lm  >&5
configure:4779: $? = 0
configure:4789: result: yes
configure:4815: checking for library containing connect
configure:4845: gcc -o conftest -g -O2   conftest.c -lz -lm  >&5
configure:4845: $? = 0
configure:4865: result: none required
configure:5148: WARNING: GCS support not enabled: requires libcurl support
configure:5167: WARNING: S3 support not enabled: requires libcurl support
configure:5397: creating ./config.status

## ---------------------- ##
## Running config.status. ##
## ---------------------- ##

This file was extended by HTSlib config.status 1.4.1, which was
generated by GNU Autoconf 2.71.  Invocation command line was

  CONFIG_FILES    = 
  CONFIG_HEADERS  = 
  CONFIG_LINKS    = 
  CONFIG_COMMANDS = 
  $ ./config.status 

on Lenovo

config.status:825: creating config.mk
config.status:825: creating htslib.pc.tmp
config.status:825: creating config.h

## ---------------- ##
## Cache variables. ##
## ---------------- ##

ac_cv_build=x86_64-pc-linux-gnu
ac_cv_c_compiler_gnu=yes
ac_cv_c_undeclared_builtin_options='none needed'
ac_cv_env_CC_set=
ac_cv_env_CC_value=
ac_cv_env_CFLAGS_set=
ac_cv_env_CFLAGS_value=
ac_cv_env_CPPFLAGS_set=
ac_cv_env_CPPFLAGS_value=
ac_cv_env_LDFLAGS_set=
ac_cv_env_LDFLAGS_value=
ac_cv_env_LIBS_set=
ac_cv_env_LIBS_value=
ac_cv_env_PKG_CONFIG_LIBDIR_set=
ac_cv_env_PKG_CONFIG_LIBDIR_value=
ac_cv_env_PKG_CONFIG_PATH_set=
ac_cv_env_PKG_CONFIG_PATH_value=
ac_cv_env_PKG_CONFIG_set=
ac_cv_env_PKG_CONFIG_value=
ac_cv_env_build_alias_set=
ac_cv_env_build_alias_value=
ac_cv_env_host_alias_set=
ac_cv_env_host_alias_value=
ac_cv_env_target_alias_set=
ac_cv_env_target_alias_value=
ac_cv_func_fdatasync=yes
ac_cv_func_getpagesize=yes
ac_cv_func_gmtime_r=yes
ac_cv_func_mmap_fixed_mapped=yes
ac_cv_have_decl_fdatasync_int_=yes
ac_cv_header_inttypes_h=yes
ac_cv_header_stdint_h=yes
ac_cv_header_stdio_h=yes
ac_cv_header_stdlib_h=yes
ac_cv_header_string_h=yes
ac_cv_header_strings_h=yes
ac_cv_header_sys_param_h=yes
ac_cv_header_sys_stat_h=yes
ac_cv_header_sys_types_h=yes
ac_cv_header_unistd_h=yes
ac_cv_header_zlib_h=yes
ac_cv_host=x86_64-pc-linux-gnu
ac_cv_lib_z_inflate=yes
ac_cv_objext=o
ac_cv_path_ac_pt_PKG_CONFIG=/usr/bin/pkg-config
ac_cv_path_install='/usr/bin/install -c'
ac_cv_prog_ac_ct_CC=gcc
ac_cv_prog_ac_ct_RANLIB=ranlib
ac_cv_prog_cc_c11=
ac_cv_prog_cc_g=yes
ac_cv_prog_cc_stdc=
ac_cv_search_connect='none required'
ac_cv_search_log=-lm
ac_cv_sys_file_offset_bits=no
ac_cv_sys_largefile_CC=no

## ----------------- ##
## Output variables. ##
## ----------------- ##

CC='gcc'
CFLAGS='-g -O2'
CPPFLAGS=''
CRYPTO_LIBS=''
DEFS='-DHAVE_CONFIG_H'
ECHO_C=''
ECHO_N='-n'
ECHO_T=''
EXEEXT=''
INSTALL_DATA='${INSTALL} -m 644'
INSTALL_PROGRAM='${INSTALL}'
INSTALL_SCRIPT='${INSTALL}'
LDFLAGS=''
LIBOBJS=''
LIBS='-lz -lm '
LTLIBOBJS=''
OBJEXT='o'
PACKAGE_BUGREPORT='samtools-help@lists.sourceforge.net'
PACKAGE_NAME='HTSlib'
PACKAGE_STRING='HTSlib 1.4.1'
PACKAGE_TARNAME='htslib'
PACKAGE_URL='http://www.htslib.org/'
PACKAGE_VERSION='1.4.1'
PATH_SEPARATOR=':'
PKG_CONFIG='/usr/bin/pkg-config'
PKG_CONFIG_LIBDIR=''
PKG_CONFIG_PATH=''
PLATFORM='default'
PLUGIN_EXT='.so'
RANLIB='ranlib'
SHELL='/bin/bash'
ac_ct_CC='gcc'
bindir='${exec_prefix}/bin'
build='x86_64-pc-linux-gnu'
build_alias=''
build_cpu='x86_64'
build_os='linux-gnu'
build_vendor='pc'
datadir='${datarootdir}'
datarootdir='${prefix}/share'
docdir='${datarootdir}/doc/${PACKAGE_TARNAME}'
dvidir='${docdir}'
enable_plugins='no'
exec_prefix='${prefix}'
gcs='disabled'
host='x86_64-pc-linux-gnu'
host_alias='unknown-Linux'
host_cpu='x86_64'
host_os='linux-gnu'
host_vendor='pc'
htmldir='${docdir}'
includedir='${prefix}/include'
infodir='${datarootdir}/info'
libcurl='disabled'
libdir='${exec_prefix}/lib'
libexecdir='${exec_prefix}/libexec'
localedir='${datarootdir}/locale'
localstatedir='${prefix}/var'
mandir='${datarootdir}/man'
oldincludedir='/usr/include'
pc_requires=''
pdfdir='${docdir}'
plugindir='$(libexecdir)/htslib'
pluginpath='$(libexecdir)/htslib'
prefix=''
private_LIBS=''
program_transform_name='s,x,x,'
psdir='${docdir}'
runstatedir='${localstatedir}/run'
s3='disabled'
sbindir='${exec_prefix}/sbin'
sharedstatedir='${prefix}/com'
static_LDFLAGS=''
static_LIBS='-lz -lm'
sysconfdir='${prefix}/etc'
target_alias=''

## ----------- ##
## confdefs.h. ##
## ----------- ##

/* confdefs.h */
#define PACKAGE_NAME "HTSlib"
#define PACKAGE_TARNAME "htslib"
#define PACKAGE_VERSION "1.4.1"
#define PACKAGE_STRING "HTSlib 1.4.1"
#define PACKAGE_BUGREPORT "samtools-help@lists.sourceforge.net"
#define PACKAGE_URL "http://www.htslib.org/"
#define HAVE_STDIO_H 1
#define HAVE_STDLIB_H 1
#define HAVE_STRING_H 1
#define HAVE_INTTYPES_H 1
#define HAVE_STDINT_H 1
#define HAVE_STRINGS_H 1
#define HAVE_SYS_STAT_H 1
#define HAVE_SYS_TYPES_H 1
#define HAVE_UNISTD_H 1
#define HAVE_SYS_PARAM_H 1
#define STDC_HEADERS 1
#define HAVE_GETPAGESIZE 1
#define HAVE_MMAP 1
#define HAVE_GMTIME_R 1
#define HAVE_FDATASYNC 1
#define HAVE_LIBZ 1

configure: exit 0
